<?xml version="1.0" encoding="UTF-8"?>
<testng-results ignored="0" total="1" passed="1" failed="0" skipped="0">
  <reporter-output>
  </reporter-output>
  <suite started-at="2020-06-15T02:32:35 EDT" name="Default suite" finished-at="2020-06-15T02:32:45 EDT" duration-ms="9585">
    <groups>
    </groups>
    <test started-at="2020-06-15T02:32:35 EDT" name="Default test" finished-at="2020-06-15T02:32:45 EDT" duration-ms="9585">
      <class name="EndToEndCls23.EndToEndHPO">
        <test-method is-config="true" signature="setUpDriver()[pri:0, instance:EndToEndCls23.EndToEndHPO@6a01e23]" started-at="2020-06-15T02:32:35 EDT" name="setUpDriver" finished-at="2020-06-15T02:32:41 EDT" duration-ms="5639" status="PASS">
          <reporter-output>
          </reporter-output>
        </test-method> <!-- setUpDriver -->
        <test-method signature="buyingDress()[pri:0, instance:EndToEndCls23.EndToEndHPO@6a01e23]" started-at="2020-06-15T02:32:41 EDT" name="buyingDress" finished-at="2020-06-15T02:32:45 EDT" duration-ms="3911" status="PASS">
          <reporter-output>
          </reporter-output>
        </test-method> <!-- buyingDress -->
        <test-method is-config="true" signature="closeAll()[pri:0, instance:EndToEndCls23.EndToEndHPO@6a01e23]" started-at="2020-06-15T02:32:45 EDT" name="closeAll" finished-at="2020-06-15T02:32:45 EDT" duration-ms="1" status="PASS">
          <reporter-output>
          </reporter-output>
        </test-method> <!-- closeAll -->
      </class> <!-- EndToEndCls23.EndToEndHPO -->
    </test> <!-- Default test -->
  </suite> <!-- Default suite -->
</testng-results>
